<?xml version="1.0" encoding="UTF-8"?>
<testng-results skipped="0" failed="0" ignored="0" total="1" passed="1">
  <reporter-output>
  </reporter-output>
  <suite name="Suite" duration-ms="7826" started-at="2019-03-05T11:09:00Z" finished-at="2019-03-05T11:09:07Z">
    <groups>
    </groups>
    <test name="Test" duration-ms="7826" started-at="2019-03-05T11:09:00Z" finished-at="2019-03-05T11:09:07Z">
      <class name="com.pages.DemoTest1">
        <test-method status="PASS" signature="test1()[pri:0, instance:com.pages.DemoTest1@39699c]" name="test1" duration-ms="7807" started-at="2019-03-05T11:09:00Z" finished-at="2019-03-05T11:09:07Z">
          <reporter-output>
          </reporter-output>
        </test-method> <!-- test1 -->
      </class> <!-- com.pages.DemoTest1 -->
    </test> <!-- Test -->
  </suite> <!-- Suite -->
</testng-results>
