<?xml version="1.0" encoding="UTF-8"?>
<testng-results skipped="0" failed="0" ignored="0" total="1" passed="1">
  <reporter-output>
  </reporter-output>
  <suite name="Default suite" duration-ms="7229" started-at="2019-01-28T14:05:30Z" finished-at="2019-01-28T14:05:37Z">
    <groups>
    </groups>
    <test name="Default test" duration-ms="7229" started-at="2019-01-28T14:05:30Z" finished-at="2019-01-28T14:05:37Z">
      <class name="com.pages.DemoTest1">
        <test-method status="PASS" signature="test1()[pri:0, instance:com.pages.DemoTest1@1f3ddb1]" name="test1" duration-ms="7197" started-at="2019-01-28T14:05:30Z" finished-at="2019-01-28T14:05:37Z">
          <reporter-output>
          </reporter-output>
        </test-method> <!-- test1 -->
      </class> <!-- com.pages.DemoTest1 -->
    </test> <!-- Default test -->
  </suite> <!-- Default suite -->
</testng-results>
